<?xml version="1.0" encoding="UTF-8" ?>
<testsuite tests="5" failures="0" name="runner.TestRunner" time="0.025" errors="0" skipped="4">
  <properties>
[...]
</properties>
  <testcase classname="Scenario: Test with Login credentials" name="Given Open Firefox and start Application" time="0.005">
    <skipped/>
  </testcase>
  <testcase classname="Scenario: Test with Login credentials" name="When I enter Valid &lt;satheesh_kb@yahoo.co.in&gt; and Valid &lt;Manasv!#2582#&gt;" time="0.005">
    <skipped/>
  </testcase>
  <testcase classname="Scenario: Test with Login credentials" name="Then User should be able to login successfully" time="0.005">
    <skipped/>
  </testcase>
  <testcase classname="Scenario: Test with Login credentials" name="Scenario: Test with Login credentials" time="0.005">
    <skipped/>
  </testcase>
  <testcase classname="Scenario: Test with Login credentials" name="Scenario: Test with Login credentials" time="0.005"/>
</testsuite>